<?xml version="1.0" encoding="UTF-8"?>
<!-- Generated by org.testng.reporters.JUnitReportReporter -->
<testsuite hostname="DESKTOP-UB10RG8" failures="0" tests="1" name="testCase.TC001_RegistrationTest" time="1.342" errors="0" timestamp="2025-02-17T18:18:25 IST" skipped="0">
  <testcase classname="testCase.TC001_RegistrationTest" name="verify_Registration" time="1.342"/>
</testsuite> <!-- testCase.TC001_RegistrationTest -->
